0 info it worked if it ends with ok
1 verbose cli [ '/usr/local/bin/node', '/usr/local/bin/npm', 'start' ]
2 info using npm@3.8.2
3 info using node@v4.2.4
4 verbose config Skipping project config: /Users/Binh/.npmrc. (matches userconfig)
5 verbose run-script [ 'prestart', 'start', 'poststart' ]
6 info lifecycle pantry@1.0.0~prestart: pantry@1.0.0
7 silly lifecycle pantry@1.0.0~prestart: no script for prestart, continuing
8 info lifecycle pantry@1.0.0~start: pantry@1.0.0
9 verbose lifecycle pantry@1.0.0~start: unsafe-perm in lifecycle true
10 verbose lifecycle pantry@1.0.0~start: PATH: /usr/local/lib/node_modules/npm/bin/node-gyp-bin:/Users/Binh/node_modules/.bin:/usr/local/bin:/Users/Binh/Documents/anaconda/bin:/Users/Binh/anaconda/bin:/Library/Frameworks/Python.framework/Versions/2.7/bin:/Library/Frameworks/Python.framework/Versions/3.5/bin:/Library/Frameworks/Python.framework/Versions/3.5/bin:/usr/local/bin:/usr/bin:/bin:/usr/sbin:/sbin:/usr/local/share/dotnet:/Library/Frameworks/Mono.framework/Versions/Current/Commands:/Library/TeX/texbin:/Users/Binh/Documents/anaconda/bin:/Users/Binh/anaconda/bin:/Library/Frameworks/Python.framework/Versions/2.7/bin:/Library/Frameworks/Python.framework/Versions/3.5/bin
11 verbose lifecycle pantry@1.0.0~start: CWD: /Users/Binh
12 silly lifecycle pantry@1.0.0~start: Args: [ '-c', 'node ./bin/www' ]
13 silly lifecycle pantry@1.0.0~start: Returned: code: 1  signal: null
14 info lifecycle pantry@1.0.0~start: Failed to exec start script
15 verbose stack Error: pantry@1.0.0 start: `node ./bin/www`
15 verbose stack Exit status 1
15 verbose stack     at EventEmitter.<anonymous> (/usr/local/lib/node_modules/npm/lib/utils/lifecycle.js:239:16)
15 verbose stack     at emitTwo (events.js:87:13)
15 verbose stack     at EventEmitter.emit (events.js:172:7)
15 verbose stack     at ChildProcess.<anonymous> (/usr/local/lib/node_modules/npm/lib/utils/spawn.js:24:14)
15 verbose stack     at emitTwo (events.js:87:13)
15 verbose stack     at ChildProcess.emit (events.js:172:7)
15 verbose stack     at maybeClose (internal/child_process.js:818:16)
15 verbose stack     at Process.ChildProcess._handle.onexit (internal/child_process.js:211:5)
16 verbose pkgid pantry@1.0.0
17 verbose cwd /Users/Binh/Desktop/peaceofmind
18 error Darwin 16.7.0
19 error argv "/usr/local/bin/node" "/usr/local/bin/npm" "start"
20 error node v4.2.4
21 error npm  v3.8.2
22 error code ELIFECYCLE
23 error pantry@1.0.0 start: `node ./bin/www`
23 error Exit status 1
24 error Failed at the pantry@1.0.0 start script 'node ./bin/www'.
24 error Make sure you have the latest version of node.js and npm installed.
24 error If you do, this is most likely a problem with the pantry package,
24 error not with npm itself.
24 error Tell the author that this fails on your system:
24 error     node ./bin/www
24 error You can get information on how to open an issue for this project with:
24 error     npm bugs pantry
24 error Or if that isn't available, you can get their info via:
24 error     npm owner ls pantry
24 error There is likely additional logging output above.
25 verbose exit [ 1, true ]
